[debug] [2022-04-28T16:02:00.336Z] ----------------------------------------------------------------------
[debug] [2022-04-28T16:02:00.339Z] Command:       C:\Program Files\nodejs\node.exe C:\Program Files\nodejs\node_modules\firebase-tools\lib\bin\firebase.js init
[debug] [2022-04-28T16:02:00.340Z] CLI Version:   10.7.1
[debug] [2022-04-28T16:02:00.340Z] Platform:      win32
[debug] [2022-04-28T16:02:00.340Z] Node Version:  v16.13.2
[debug] [2022-04-28T16:02:00.342Z] Time:          Thu Apr 28 2022 21:32:00 GMT+0530 (India Standard Time)
[debug] [2022-04-28T16:02:00.342Z] ----------------------------------------------------------------------
[debug] 
[debug] [2022-04-28T16:02:00.351Z] > command requires scopes: ["email","openid","https://www.googleapis.com/auth/cloudplatformprojects.readonly","https://www.googleapis.com/auth/firebase","https://www.googleapis.com/auth/cloud-platform"]
[debug] [2022-04-28T16:02:00.352Z] > authorizing via signed-in user (neel007.sk@gmail.com)
[info] 
     ######## #### ########  ######## ########     ###     ######  ########
     ##        ##  ##     ## ##       ##     ##  ##   ##  ##       ##
     ######    ##  ########  ######   ########  #########  ######  ######
     ##        ##  ##    ##  ##       ##     ## ##     ##       ## ##
     ##       #### ##     ## ######## ########  ##     ##  ######  ########

You're about to initialize a Firebase project in this directory:

  D:\GitHub\netflix-clone-master

[info] 
=== Project Setup
[info] 
[info] First, let's associate this project directory with a Firebase project.
[info] You can create multiple project aliases by running firebase use --add, 
[info] but for now we'll just set up a default project.
[info] 
